MANPATH=:/eda/synopsys/2021-22/RHELx86/PT_2021.06-SP4//doc/pt/man
SYNOPSYS_LC_ROOT=/eda/synopsys/2021-22/RHELx86/LC_2021.06-SP4/
XDG_SESSION_ID=115594
SSH_AGENT_PID=13628
SNPS_SYN=/eda/synopsys/2021-22/RHELx86/SYN_2021.06-SP4/
HOSTNAME=localhost.localdomain
SNPS_LC=/eda/synopsys/2021-22/RHELx86/LC_2021.06-SP4/
SELINUX_ROLE_REQUESTED=
SHELL=/bin/bash
TERM=st-256color
HISTSIZE=1000
SSH_CLIENT="93.34.149.60 25410 22"
SELINUX_USE_CURRENT_RANGE=
SSH_TTY=/dev/pts/133
ST_HSPICE_LIB=/home/mariagrazia.graziano/ms/cap5/lib/
USER=ws25.1
LD_LIBRARY_PATH=:/eda/synopsys/2021-22/RHELx86/LC_2021.06-SP4/linux64/lc/shlib
MTI_HOME=/eda/mentor/2020-21/RHELx86/QUESTA-CORE-PRIME_2020.4/questasim/linux_x86_64
LS_COLORS=rs=0:di=38;5;27:ln=38;5;51:mh=44;38;5;15:pi=40;38;5;11:so=38;5;13:do=38;5;5:bd=48;5;232;38;5;11:cd=48;5;232;38;5;3:or=48;5;232;38;5;9:mi=05;48;5;232;38;5;15:su=48;5;196;38;5;15:sg=48;5;11;38;5;16:ca=48;5;196;38;5;226:tw=48;5;10;38;5;16:ow=48;5;10;38;5;21:st=48;5;21;38;5;15:ex=38;5;34:*.tar=38;5;9:*.tgz=38;5;9:*.arc=38;5;9:*.arj=38;5;9:*.taz=38;5;9:*.lha=38;5;9:*.lz4=38;5;9:*.lzh=38;5;9:*.lzma=38;5;9:*.tlz=38;5;9:*.txz=38;5;9:*.tzo=38;5;9:*.t7z=38;5;9:*.zip=38;5;9:*.z=38;5;9:*.Z=38;5;9:*.dz=38;5;9:*.gz=38;5;9:*.lrz=38;5;9:*.lz=38;5;9:*.lzo=38;5;9:*.xz=38;5;9:*.bz2=38;5;9:*.bz=38;5;9:*.tbz=38;5;9:*.tbz2=38;5;9:*.tz=38;5;9:*.deb=38;5;9:*.rpm=38;5;9:*.jar=38;5;9:*.war=38;5;9:*.ear=38;5;9:*.sar=38;5;9:*.rar=38;5;9:*.alz=38;5;9:*.ace=38;5;9:*.zoo=38;5;9:*.cpio=38;5;9:*.7z=38;5;9:*.rz=38;5;9:*.cab=38;5;9:*.jpg=38;5;13:*.jpeg=38;5;13:*.gif=38;5;13:*.bmp=38;5;13:*.pbm=38;5;13:*.pgm=38;5;13:*.ppm=38;5;13:*.tga=38;5;13:*.xbm=38;5;13:*.xpm=38;5;13:*.tif=38;5;13:*.tiff=38;5;13:*.png=38;5;13:*.svg=38;5;13:*.svgz=38;5;13:*.mng=38;5;13:*.pcx=38;5;13:*.mov=38;5;13:*.mpg=38;5;13:*.mpeg=38;5;13:*.m2v=38;5;13:*.mkv=38;5;13:*.webm=38;5;13:*.ogm=38;5;13:*.mp4=38;5;13:*.m4v=38;5;13:*.mp4v=38;5;13:*.vob=38;5;13:*.qt=38;5;13:*.nuv=38;5;13:*.wmv=38;5;13:*.asf=38;5;13:*.rm=38;5;13:*.rmvb=38;5;13:*.flc=38;5;13:*.avi=38;5;13:*.fli=38;5;13:*.flv=38;5;13:*.gl=38;5;13:*.dl=38;5;13:*.xcf=38;5;13:*.xwd=38;5;13:*.yuv=38;5;13:*.cgm=38;5;13:*.emf=38;5;13:*.axv=38;5;13:*.anx=38;5;13:*.ogv=38;5;13:*.ogx=38;5;13:*.aac=38;5;45:*.au=38;5;45:*.flac=38;5;45:*.mid=38;5;45:*.midi=38;5;45:*.mka=38;5;45:*.mp3=38;5;45:*.mpc=38;5;45:*.ogg=38;5;45:*.ra=38;5;45:*.wav=38;5;45:*.axa=38;5;45:*.oga=38;5;45:*.spx=38;5;45:*.xspf=38;5;45:
SSH_AUTH_SOCK=/tmp/ssh-mkJP6UdbZGWx/agent.13627
TOPLEVEL=Module_topTestbench
CDS_INNOVUS=/eda/cadence/2020-21/RHELx86/INNOVUS_20.11.000
PATH=/eda/synopsys/2021-22/RHELx86/SYN_2021.06-SP4/bin:/eda/synopsys/2021-22/RHELx86/LC_2021.06-SP4/bin:/eda/synopsys/2021-22/RHELx86/PT_2021.06-SP4/bin:/eda/mentor/2020-21/RHELx86/QUESTA-CORE-PRIME_2020.4/questasim/linux_x86_64:/usr/local/bin:/usr/bin:/usr/local/sbin:/usr/sbin:/home/ws25.1/.local/bin:/home/ws25.1/bin:/eda/mentor/2020-21/RHELx86/AMSV_2020.4/amsv/bin:/eda/mentor/2020-21/RHELx86/AMSV_2020.4/amsv/modeltech/bin:/eda/cadence/2020-21/RHELx86/INNOVUS_20.11.000/bin:/eda/cadence/2020-21/RHELx86/GENUS_19.14.000/bin:/eda/cadence/2020-21/RHELx86/XCELIUM_20.09.001/bin:/eda/cadence/2020-21/RHELx86/XCELIUM_20.09.001/tools/bin:/eda/cadence/2020-21/RHELx86/XCELIUM_20.09.001/tools/cdsgcc/gcc/bin:/eda/mentor/2020-21/RHELx86/QUESTA-CORE-PRIME_2020.4/questasim/linux_x86_64:/eda/synopsys/2021-22/RHELx86/SYN_2021.06-SP4//bin:/eda/synopsys/2021-22/RHELx86/LC_2021.06-SP4//bin:/eda/synopsys/2021-22/RHELx86/PT_2021.06-SP4//bin
MAIL=/var/spool/mail/ws25.1
PWD=/home/ws25.1/Task3Mateus/step-3/MEMWB/sim
LANG=en_US.utf8
MODEL_TECH=/eda/mentor/2020-21/RHELx86/QUESTA-CORE-PRIME_2020.4/questasim/linux_x86_64
SNPS_PT=/eda/synopsys/2021-22/RHELx86/PT_2021.06-SP4/
SELINUX_LEVEL_REQUESTED=
SYNOPSYS=/eda/synopsys/2021-22/RHELx86
LM_LICENSE_FILE=:1717@led-x3850-1.polito.it:5280@led-x3850-1.polito.it:1717@led-x3850-3.polito.it:27020@led-x3850-3.polito.it
HISTCONTROL=ignoredups
HOME=/home/ws25.1
SHLVL=2
CDS_XCELIUM=/eda/cadence/2020-21/RHELx86/XCELIUM_20.09.001
LOGNAME=ws25.1
SSH_CONNECTION="93.34.149.60 25410 172.16.3.36 22"
XDG_DATA_DIRS=/home/ws25.1/.local/share/flatpak/exports/share:/var/lib/flatpak/exports/share:/usr/local/share:/usr/share
CDS_LIC_FILE=:1717@led-x3850-1.polito.it:5280@led-x3850-1.polito.it
CDS_GENUS=/eda/cadence/2020-21/RHELx86/GENUS_19.14.000
MGC_AMSV_HOME=/eda/mentor/2020-21/RHELx86/AMSV_2020.4/amsv
LESSOPEN="||/usr/bin/lesspipe.sh %s"
SYNOPSYS_SYN_ROOT=/eda/synopsys/2021-22/RHELx86/SYN_2021.06-SP4/
DISPLAY=localhost:10.0
XDG_RUNTIME_DIR=/run/user/1347
_=/eda/mentor/2020-21/RHELx86/QUESTA-CORE-PRIME_2020.4/questasim/linux_x86_64/qrun
MGLS_HOME=/eda/mentor/2020-21/RHELx86/QUESTA-CORE-PRIME_2020.4/questasim/linux_x86_64/mgls
vlib -quiet qrun.out/work
vmap -c -quiet mtiUvm /eda/mentor/2020-21/RHELx86/QUESTA-CORE-PRIME_2020.4/questasim/uvm-1.1d
vlog -mixedsvvh ../tb/pkg_constants.sv ../tb/Module_MEMWB_Wrapper.sv ../tb/Iface_MEMWB.sv ../tb/Module_topTestbench.sv -work qrun.out/work +incdir+/eda/mentor/2020-21/RHELx86/QUESTA-CORE-PRIME_2020.4/questasim/verilog_src/uvm-1.1d/src
vcom -autoorder -mixedsvvh ../src/000-pkg-globals.vhd ../src/001-pkg-registerfile.vhd ../src/a.b.a.a-generic_shifter.vhd ../src/a.b.b-DRAM.vhd ../src/a.b.c-SignExtender26-32.vhd ../src/a.b.c-UnsignExtender26-32.vhd ../src/a.b.d-MUX.vhd ../src/a.b.e-PC_Add.vhd ../src/a.b.f-RegisterFile.vhd ../src/a.b.g-FlipFlop.vhd ../src/a.b.h-SignExtender16-32.vhd ../src/a.b.i-ZeroComparator.vhd ../src/a.c-IRAM.vhd ../src/a.b-DP-MEMWB.vhd -work qrun.out/work
vopt -mixedsvvh Module_topTestbench -work qrun.out/work -o qrun_opt
vsim -lib qrun.out/work -c -do gen_fault_file.do qrun_opt
